# JRE version: OpenJDK Runtime Environment (8.0_152-b02) (build 1.8.0_152-release-1024-b02)
# Java VM: OpenJDK 64-Bit Server VM (25.152-b02 mixed mode windows-amd64 compressed oops)
Heap:
 PSYoungGen      total 195072K, used 9711K [0x00000000e0000000, 0x00000000f2280000, 0x0000000100000000)
  eden space 180736K, 0% used [0x00000000e0000000,0x00000000e0000000,0x00000000eb080000)
  from space 14336K, 67% used [0x00000000eb080000,0x00000000eb9fbf48,0x00000000ebe80000)
  to   space 14848K, 0% used [0x00000000f1400000,0x00000000f1400000,0x00000000f2280000)
 ParOldGen       total 43520K, used 27037K [0x00000000a0000000, 0x00000000a2a80000, 0x00000000e0000000)
  object space 43520K, 62% used [0x00000000a0000000,0x00000000a1a67578,0x00000000a2a80000)
 Metaspace       used 57191K, capacity 58930K, committed 59028K, reserved 1099776K
  class space    used 7736K, capacity 8156K, committed 8192K, reserved 1048576K
GC Heap History (10 events):
Event: 35.929 GC heap after
Heap after GC invocations=11 (full 1):
 PSYoungGen      total 131072K, used 7168K [0x00000000e0000000, 0x00000000eca00000, 0x0000000100000000)
  eden space 119808K, 0% used [0x00000000e0000000,0x00000000e0000000,0x00000000e7500000)
  from space 11264K, 63% used [0x00000000e8080000,0x00000000e8780020,0x00000000e8b80000)
  to   space 11776K, 0% used [0x00000000e7500000,0x00000000e7500000,0x00000000e8080000)
 ParOldGen       total 36864K, used 14901K [0x00000000a0000000, 0x00000000a2400000, 0x00000000e0000000)
  object space 36864K, 40% used [0x00000000a0000000,0x00000000a0e8d7f0,0x00000000a2400000)
 Metaspace       used 34821K, capacity 35388K, committed 35416K, reserved 1079296K
  class space    used 4787K, capacity 4972K, committed 4992K, reserved 1048576K
}
Event: 35.929 GC heap before
{Heap before GC invocations=12 (full 2):
 PSYoungGen      total 131072K, used 7168K [0x00000000e0000000, 0x00000000eca00000, 0x0000000100000000)
  eden space 119808K, 0% used [0x00000000e0000000,0x00000000e0000000,0x00000000e7500000)
  from space 11264K, 63% used [0x00000000e8080000,0x00000000e8780020,0x00000000e8b80000)
  to   space 11776K, 0% used [0x00000000e7500000,0x00000000e7500000,0x00000000e8080000)
 ParOldGen       total 36864K, used 14901K [0x00000000a0000000, 0x00000000a2400000, 0x00000000e0000000)
  object space 36864K, 40% used [0x00000000a0000000,0x00000000a0e8d7f0,0x00000000a2400000)
 Metaspace       used 34821K, capacity 35388K, committed 35416K, reserved 1079296K
  class space    used 4787K, capacity 4972K, committed 4992K, reserved 1048576K
Event: 36.296 GC heap after
Heap after GC invocations=12 (full 2):
 PSYoungGen      total 131072K, used 0K [0x00000000e0000000, 0x00000000eca00000, 0x0000000100000000)
  eden space 119808K, 0% used [0x00000000e0000000,0x00000000e0000000,0x00000000e7500000)
  from space 11264K, 0% used [0x00000000e8080000,0x00000000e8080000,0x00000000e8b80000)
  to   space 11776K, 0% used [0x00000000e7500000,0x00000000e7500000,0x00000000e8080000)
 ParOldGen       total 43520K, used 13877K [0x00000000a0000000, 0x00000000a2a80000, 0x00000000e0000000)
  object space 43520K, 31% used [0x00000000a0000000,0x00000000a0d8d600,0x00000000a2a80000)
 Metaspace       used 34821K, capacity 35388K, committed 35416K, reserved 1079296K
  class space    used 4787K, capacity 4972K, committed 4992K, reserved 1048576K
}
Event: 44.613 GC heap before
{Heap before GC invocations=13 (full 2):
 PSYoungGen      total 131072K, used 119808K [0x00000000e0000000, 0x00000000eca00000, 0x0000000100000000)
  eden space 119808K, 100% used [0x00000000e0000000,0x00000000e7500000,0x00000000e7500000)
  from space 11264K, 0% used [0x00000000e8080000,0x00000000e8080000,0x00000000e8b80000)
  to   space 11776K, 0% used [0x00000000e7500000,0x00000000e7500000,0x00000000e8080000)
 ParOldGen       total 43520K, used 13877K [0x00000000a0000000, 0x00000000a2a80000, 0x00000000e0000000)
  object space 43520K, 31% used [0x00000000a0000000,0x00000000a0d8d600,0x00000000a2a80000)
 Metaspace       used 42006K, capacity 42826K, committed 43096K, reserved 1087488K
  class space    used 5700K, capacity 5938K, committed 6016K, reserved 1048576K
Event: 44.650 GC heap after
Heap after GC invocations=13 (full 2):
 PSYoungGen      total 131584K, used 11756K [0x00000000e0000000, 0x00000000ece00000, 0x0000000100000000)
  eden space 119808K, 0% used [0x00000000e0000000,0x00000000e0000000,0x00000000e7500000)
  from space 11776K, 99% used [0x00000000e7500000,0x00000000e807b3e0,0x00000000e8080000)
  to   space 13824K, 0% used [0x00000000ec080000,0x00000000ec080000,0x00000000ece00000)
 ParOldGen       total 43520K, used 15162K [0x00000000a0000000, 0x00000000a2a80000, 0x00000000e0000000)
  object space 43520K, 34% used [0x00000000a0000000,0x00000000a0ece858,0x00000000a2a80000)
 Metaspace       used 42006K, capacity 42826K, committed 43096K, reserved 1087488K
  class space    used 5700K, capacity 5938K, committed 6016K, reserved 1048576K
}
Event: 51.585 GC heap before
{Heap before GC invocations=14 (full 2):
 PSYoungGen      total 131584K, used 131564K [0x00000000e0000000, 0x00000000ece00000, 0x0000000100000000)
  eden space 119808K, 100% used [0x00000000e0000000,0x00000000e7500000,0x00000000e7500000)
  from space 11776K, 99% used [0x00000000e7500000,0x00000000e807b3e0,0x00000000e8080000)
  to   space 13824K, 0% used [0x00000000ec080000,0x00000000ec080000,0x00000000ece00000)
 ParOldGen       total 43520K, used 15162K [0x00000000a0000000, 0x00000000a2a80000, 0x00000000e0000000)
  object space 43520K, 34% used [0x00000000a0000000,0x00000000a0ece858,0x00000000a2a80000)
 Metaspace       used 51626K, capacity 53148K, committed 53336K, reserved 1095680K
  class space    used 7038K, capacity 7429K, committed 7552K, reserved 1048576K
Event: 51.654 GC heap after
Heap after GC invocations=14 (full 2):
 PSYoungGen      total 193024K, used 9927K [0x00000000e0000000, 0x00000000ecc80000, 0x0000000100000000)
  eden space 180736K, 0% used [0x00000000e0000000,0x00000000e0000000,0x00000000eb080000)
  from space 12288K, 80% used [0x00000000ec080000,0x00000000eca31d38,0x00000000ecc80000)
  to   space 14336K, 0% used [0x00000000eb080000,0x00000000eb080000,0x00000000ebe80000)
 ParOldGen       total 43520K, used 23141K [0x00000000a0000000, 0x00000000a2a80000, 0x00000000e0000000)
  object space 43520K, 53% used [0x00000000a0000000,0x00000000a1699790,0x00000000a2a80000)
 Metaspace       used 51626K, capacity 53148K, committed 53336K, reserved 1095680K
  class space    used 7038K, capacity 7429K, committed 7552K, reserved 1048576K
}
Event: 94.876 GC heap before
{Heap before GC invocations=15 (full 2):
 PSYoungGen      total 193024K, used 146789K [0x00000000e0000000, 0x00000000ecc80000, 0x0000000100000000)
  eden space 180736K, 75% used [0x00000000e0000000,0x00000000e85a7770,0x00000000eb080000)
  from space 12288K, 80% used [0x00000000ec080000,0x00000000eca31d38,0x00000000ecc80000)
  to   space 14336K, 0% used [0x00000000eb080000,0x00000000eb080000,0x00000000ebe80000)
 ParOldGen       total 43520K, used 23141K [0x00000000a0000000, 0x00000000a2a80000, 0x00000000e0000000)
  object space 43520K, 53% used [0x00000000a0000000,0x00000000a1699790,0x00000000a2a80000)
 Metaspace       used 57191K, capacity 58930K, committed 59028K, reserved 1099776K
  class space    used 7736K, capacity 8156K, committed 8192K, reserved 1048576K
Event: 94.943 GC heap after
Heap after GC invocations=15 (full 2):
 PSYoungGen      total 195072K, used 9711K [0x00000000e0000000, 0x00000000f2280000, 0x0000000100000000)
  eden space 180736K, 0% used [0x00000000e0000000,0x00000000e0000000,0x00000000eb080000)
  from space 14336K, 67% used [0x00000000eb080000,0x00000000eb9fbf48,0x00000000ebe80000)
  to   space 14848K, 0% used [0x00000000f1400000,0x00000000f1400000,0x00000000f2280000)
 ParOldGen       total 43520K, used 27037K [0x00000000a0000000, 0x00000000a2a80000, 0x00000000e0000000)
  object space 43520K, 62% used [0x00000000a0000000,0x00000000a1a67578,0x00000000a2a80000)
 Metaspace       used 57191K, capacity 58930K, committed 59028K, reserved 1099776K
  class space    used 7736K, capacity 8156K, committed 8192K, reserved 1048576K
}
Event: 94.943 GC heap before
{Heap before GC invocations=16 (full 3):
 PSYoungGen      total 195072K, used 9711K [0x00000000e0000000, 0x00000000f2280000, 0x0000000100000000)
  eden space 180736K, 0% used [0x00000000e0000000,0x00000000e0000000,0x00000000eb080000)
  from space 14336K, 67% used [0x00000000eb080000,0x00000000eb9fbf48,0x00000000ebe80000)
  to   space 14848K, 0% used [0x00000000f1400000,0x00000000f1400000,0x00000000f2280000)
 ParOldGen       total 43520K, used 27037K [0x00000000a0000000, 0x00000000a2a80000, 0x00000000e0000000)
  object space 43520K, 62% used [0x00000000a0000000,0x00000000a1a67578,0x00000000a2a80000)
 Metaspace       used 57191K, capacity 58930K, committed 59028K, reserved 1099776K
  class space    used 7736K, capacity 8156K, committed 8192K, reserved 1048576K

